<?xml version="1.0" encoding="UTF-8"?>
<!-- Generated by org.testng.reporters.JUnitReportReporter -->
<testsuite hostname="INLEN8520045468" failures="0" tests="3" name="testrunner.testrunner2" time="51.399" errors="0" timestamp="2022-07-20T09:38:25 IST" skipped="0">
  <testcase classname="testrunner.testrunner2" name="runScenario" time="13.821"/>
  <system-out/>
  <testcase classname="testrunner.testrunner2" name="runScenario" time="22.902"/>
  <system-out/>
  <testcase classname="testrunner.testrunner2" name="runScenario" time="14.676"/>
  <system-out/>
</testsuite> <!-- testrunner.testrunner2 -->
