<?xml version="1.0" encoding="UTF-8"?>
<!-- Generated by org.testng.reporters.JUnitReportReporter -->
<testsuite hostname="INLEN8520045468" failures="0" tests="3" name="testrunner.testrunner2" time="31.075" errors="0" timestamp="2022-07-19T10:56:06 IST" skipped="0">
  <testcase classname="testrunner.testrunner2" name="runScenario" time="9.456"/>
  <system-out/>
  <testcase classname="testrunner.testrunner2" name="runScenario" time="9.535"/>
  <system-out/>
  <testcase classname="testrunner.testrunner2" name="runScenario" time="12.084"/>
  <system-out/>
</testsuite> <!-- testrunner.testrunner2 -->
