<?xml version="1.0" encoding="UTF-8"?>
<!-- Generated by org.testng.reporters.JUnitReportReporter -->
<testsuite hostname="INLEN8520045468" failures="0" tests="3" name="testrunner.testrunner1" time="30.354" errors="0" timestamp="2022-07-19T10:56:06 IST" skipped="0">
  <testcase classname="testrunner.testrunner1" name="runScenario" time="9.627"/>
  <system-out/>
  <testcase classname="testrunner.testrunner1" name="runScenario" time="11.045"/>
  <system-out/>
  <testcase classname="testrunner.testrunner1" name="runScenario" time="9.682"/>
  <system-out/>
</testsuite> <!-- testrunner.testrunner1 -->
